# JRE version: OpenJDK Runtime Environment (11.0.5+10) (build 11.0.5+10-b520.38)
# Java VM: OpenJDK 64-Bit Server VM (11.0.5+10-b520.38, mixed mode, sharing, tiered, compressed oops, g1 gc, windows-amd64)
Heap:
 garbage-first heap   total 390144K, used 31109K [0x0000000700e00000, 0x0000000800000000)
  region size 1024K, 12 young (12288K), 12 survivors (12288K)
 Metaspace       used 60940K, capacity 62744K, committed 62756K, reserved 1116160K
  class space    used 8141K, capacity 8832K, committed 8832K, reserved 1048576K
GC Heap History (20 events):
Event: 1.161 GC heap before
{Heap before GC invocations=0 (full 0):
 garbage-first heap   total 262144K, used 15360K [0x0000000700e00000, 0x0000000800000000)
  region size 1024K, 14 young (14336K), 0 survivors (0K)
 Metaspace       used 4578K, capacity 5370K, committed 5632K, reserved 1056768K
  class space    used 582K, capacity 694K, committed 768K, reserved 1048576K
}
Event: 1.233 GC heap after
{Heap after GC invocations=1 (full 0):
 garbage-first heap   total 262144K, used 6873K [0x0000000700e00000, 0x0000000800000000)
  region size 1024K, 2 young (2048K), 2 survivors (2048K)
 Metaspace       used 4578K, capacity 5370K, committed 5632K, reserved 1056768K
  class space    used 582K, capacity 694K, committed 768K, reserved 1048576K
}
Event: 1.408 GC heap before
{Heap before GC invocations=1 (full 0):
 garbage-first heap   total 262144K, used 16089K [0x0000000700e00000, 0x0000000800000000)
  region size 1024K, 12 young (12288K), 2 survivors (2048K)
 Metaspace       used 6499K, capacity 6765K, committed 6912K, reserved 1056768K
  class space    used 805K, capacity 921K, committed 1024K, reserved 1048576K
}
Event: 1.411 GC heap after
{Heap after GC invocations=2 (full 0):
 garbage-first heap   total 262144K, used 8323K [0x0000000700e00000, 0x0000000800000000)
  region size 1024K, 2 young (2048K), 2 survivors (2048K)
 Metaspace       used 6499K, capacity 6765K, committed 6912K, reserved 1056768K
  class space    used 805K, capacity 921K, committed 1024K, reserved 1048576K
}
Event: 2.233 GC heap before
{Heap before GC invocations=2 (full 0):
 garbage-first heap   total 262144K, used 32899K [0x0000000700e00000, 0x0000000800000000)
  region size 1024K, 27 young (27648K), 2 survivors (2048K)
 Metaspace       used 10443K, capacity 10997K, committed 11136K, reserved 1058816K
  class space    used 1428K, capacity 1660K, committed 1664K, reserved 1048576K
}
Event: 2.236 GC heap after
{Heap after GC invocations=3 (full 0):
 garbage-first heap   total 262144K, used 9577K [0x0000000700e00000, 0x0000000800000000)
  region size 1024K, 3 young (3072K), 3 survivors (3072K)
 Metaspace       used 10443K, capacity 10997K, committed 11136K, reserved 1058816K
  class space    used 1428K, capacity 1660K, committed 1664K, reserved 1048576K
}
Event: 2.647 GC heap before
{Heap before GC invocations=3 (full 0):
 garbage-first heap   total 262144K, used 62825K [0x0000000700e00000, 0x0000000800000000)
  region size 1024K, 55 young (56320K), 3 survivors (3072K)
 Metaspace       used 19272K, capacity 20042K, committed 20096K, reserved 1067008K
  class space    used 2576K, capacity 2903K, committed 2944K, reserved 1048576K
}
Event: 2.652 GC heap after
{Heap after GC invocations=4 (full 0):
 garbage-first heap   total 262144K, used 11838K [0x0000000700e00000, 0x0000000800000000)
  region size 1024K, 5 young (5120K), 5 survivors (5120K)
 Metaspace       used 19272K, capacity 20042K, committed 20096K, reserved 1067008K
  class space    used 2576K, capacity 2903K, committed 2944K, reserved 1048576K
}
Event: 2.690 GC heap before
{Heap before GC invocations=4 (full 0):
 garbage-first heap   total 262144K, used 22078K [0x0000000700e00000, 0x0000000800000000)
  region size 1024K, 16 young (16384K), 5 survivors (5120K)
 Metaspace       used 20397K, capacity 21157K, committed 21248K, reserved 1067008K
  class space    used 2730K, capacity 3040K, committed 3072K, reserved 1048576K
}
Event: 2.694 GC heap after
{Heap after GC invocations=5 (full 0):
 garbage-first heap   total 262144K, used 12523K [0x0000000700e00000, 0x0000000800000000)
  region size 1024K, 6 young (6144K), 6 survivors (6144K)
 Metaspace       used 20397K, capacity 21157K, committed 21248K, reserved 1067008K
  class space    used 2730K, capacity 3040K, committed 3072K, reserved 1048576K
}
Event: 2.892 GC heap before
{Heap before GC invocations=6 (full 0):
 garbage-first heap   total 262144K, used 85227K [0x0000000700e00000, 0x0000000800000000)
  region size 1024K, 78 young (79872K), 6 survivors (6144K)
 Metaspace       used 23828K, capacity 24693K, committed 24832K, reserved 1071104K
  class space    used 3187K, capacity 3532K, committed 3584K, reserved 1048576K
}
Event: 2.900 GC heap after
{Heap after GC invocations=7 (full 0):
 garbage-first heap   total 262144K, used 13628K [0x0000000700e00000, 0x0000000800000000)
  region size 1024K, 7 young (7168K), 7 survivors (7168K)
 Metaspace       used 23828K, capacity 24693K, committed 24832K, reserved 1071104K
  class space    used 3187K, capacity 3532K, committed 3584K, reserved 1048576K
}
Event: 4.024 GC heap before
{Heap before GC invocations=8 (full 0):
 garbage-first heap   total 262144K, used 162108K [0x0000000700e00000, 0x0000000800000000)
  region size 1024K, 153 young (156672K), 7 survivors (7168K)
 Metaspace       used 37189K, capacity 38477K, committed 38784K, reserved 1083392K
  class space    used 4918K, capacity 5410K, committed 5504K, reserved 1048576K
}
Event: 4.038 GC heap after
{Heap after GC invocations=9 (full 0):
 garbage-first heap   total 262144K, used 20321K [0x0000000700e00000, 0x0000000800000000)
  region size 1024K, 13 young (13312K), 13 survivors (13312K)
 Metaspace       used 37189K, capacity 38477K, committed 38784K, reserved 1083392K
  class space    used 4918K, capacity 5410K, committed 5504K, reserved 1048576K
}
Event: 4.206 GC heap before
{Heap before GC invocations=9 (full 0):
 garbage-first heap   total 262144K, used 38753K [0x0000000700e00000, 0x0000000800000000)
  region size 1024K, 32 young (32768K), 13 survivors (13312K)
 Metaspace       used 40339K, capacity 41706K, committed 41816K, reserved 1085440K
  class space    used 5486K, capacity 6016K, committed 6016K, reserved 1048576K
}
Event: 4.219 GC heap after
{Heap after GC invocations=10 (full 0):
 garbage-first heap   total 262144K, used 21669K [0x0000000700e00000, 0x0000000800000000)
  region size 1024K, 10 young (10240K), 10 survivors (10240K)
 Metaspace       used 40339K, capacity 41706K, committed 41816K, reserved 1085440K
  class space    used 5486K, capacity 6016K, committed 6016K, reserved 1048576K
}
Event: 20.806 GC heap before
{Heap before GC invocations=11 (full 0):
 garbage-first heap   total 262144K, used 164005K [0x0000000700e00000, 0x0000000800000000)
  region size 1024K, 149 young (152576K), 10 survivors (10240K)
 Metaspace       used 58048K, capacity 59895K, committed 60196K, reserved 1101824K
  class space    used 7801K, capacity 8522K, committed 8576K, reserved 1048576K
}
Event: 20.821 GC heap after
{Heap after GC invocations=12 (full 0):
 garbage-first heap   total 390144K, used 29791K [0x0000000700e00000, 0x0000000800000000)
  region size 1024K, 18 young (18432K), 18 survivors (18432K)
 Metaspace       used 58048K, capacity 59895K, committed 60196K, reserved 1101824K
  class space    used 7801K, capacity 8522K, committed 8576K, reserved 1048576K
}
Event: 21.536 GC heap before
{Heap before GC invocations=13 (full 0):
 garbage-first heap   total 390144K, used 52319K [0x0000000700e00000, 0x0000000800000000)
  region size 1024K, 42 young (43008K), 18 survivors (18432K)
 Metaspace       used 60940K, capacity 62744K, committed 62756K, reserved 1114112K
  class space    used 8141K, capacity 8832K, committed 8832K, reserved 1048576K
}
Event: 21.551 GC heap after
{Heap after GC invocations=14 (full 0):
 garbage-first heap   total 390144K, used 31109K [0x0000000700e00000, 0x0000000800000000)
  region size 1024K, 12 young (12288K), 12 survivors (12288K)
 Metaspace       used 60940K, capacity 62744K, committed 62756K, reserved 1114112K
  class space    used 8141K, capacity 8832K, committed 8832K, reserved 1048576K
}

